<?xml version="1.0" encoding="UTF-8"?>
<testsuite xmlns:xsi="http://www.w3.org/2001/XMLSchema-instance" xsi:noNamespaceSchemaLocation="https://maven.apache.org/surefire/maven-surefire-plugin/xsd/surefire-test-report.xsd" name="wordladder.WordLadderControllerTest" time="0.154" tests="2" errors="0" skipped="0" failures="0">
  <properties>
[...]
</properties>
  <testcase name="shouldAnswerWithLadder" classname="wordladder.WordLadderControllerTest" time="0.013"/>
  <testcase name="shouldAnswerWithMessage" classname="wordladder.WordLadderControllerTest" time="0.021"/>
</testsuite>